# JRE version: Java(TM) SE Runtime Environment (8.0_65-b17) (build 1.8.0_65-b17)
# Java VM: Java HotSpot(TM) Client VM (25.65-b01 mixed mode linux-arm )
Heap:
 def new generation   total 71296K, used 64486K [0x65800000, 0x6a540000, 0x6a540000)
  eden space 63488K,  98% used [0x65800000, 0x695096c8, 0x69600000)
  from space 7808K,  25% used [0x69600000, 0x697f04c0, 0x69da0000)
  to   space 7808K,   0% used [0x69da0000, 0x69da0000, 0x6a540000)
 tenured generation   total 158464K, used 143223K [0x6a540000, 0x74000000, 0x74000000)
   the space 158464K,  90% used [0x6a540000, 0x7311ddd0, 0x7311de00, 0x74000000)
 Metaspace       used 51889K, capacity 55668K, committed 55960K, reserved 56624K
GC Heap History (10 events):
Event: 60391.549 GC heap before
{Heap before GC invocations=1264 (full 15):
 def new generation   total 71296K, used 67488K [0x65800000, 0x6a540000, 0x6a540000)
  eden space 63488K,  99% used [0x65800000, 0x695ffff0, 0x69600000)
  from space 7808K,  51% used [0x69da0000, 0x6a188330, 0x6a540000)
  to   space 7808K,   0% used [0x69600000, 0x69600000, 0x69da0000)
 tenured generation   total 158464K, used 142801K [0x6a540000, 0x74000000, 0x74000000)
   the space 158464K,  90% used [0x6a540000, 0x730b4570, 0x730b4600, 0x74000000)
 Metaspace       used 51853K, capacity 55623K, committed 55960K, reserved 56624K
Event: 60391.586 GC heap after
Heap after GC invocations=1265 (full 15):
 def new generation   total 71296K, used 3893K [0x65800000, 0x6a540000, 0x6a540000)
  eden space 63488K,   0% used [0x65800000, 0x65800000, 0x69600000)
  from space 7808K,  49% used [0x69600000, 0x699cd5a0, 0x69da0000)
  to   space 7808K,   0% used [0x69da0000, 0x69da0000, 0x6a540000)
 tenured generation   total 158464K, used 142919K [0x6a540000, 0x74000000, 0x74000000)
   the space 158464K,  90% used [0x6a540000, 0x730d1df0, 0x730d1e00, 0x74000000)
 Metaspace       used 51853K, capacity 55623K, committed 55960K, reserved 56624K
}
Event: 60476.871 GC heap before
{Heap before GC invocations=1265 (full 15):
 def new generation   total 71296K, used 67381K [0x65800000, 0x6a540000, 0x6a540000)
  eden space 63488K, 100% used [0x65800000, 0x69600000, 0x69600000)
  from space 7808K,  49% used [0x69600000, 0x699cd5a0, 0x69da0000)
  to   space 7808K,   0% used [0x69da0000, 0x69da0000, 0x6a540000)
 tenured generation   total 158464K, used 142919K [0x6a540000, 0x74000000, 0x74000000)
   the space 158464K,  90% used [0x6a540000, 0x730d1df0, 0x730d1e00, 0x74000000)
 Metaspace       used 51853K, capacity 55623K, committed 55960K, reserved 56624K
Event: 60476.905 GC heap after
Heap after GC invocations=1266 (full 15):
 def new generation   total 71296K, used 3402K [0x65800000, 0x6a540000, 0x6a540000)
  eden space 63488K,   0% used [0x65800000, 0x65800000, 0x69600000)
  from space 7808K,  43% used [0x69da0000, 0x6a0f2a58, 0x6a540000)
  to   space 7808K,   0% used [0x69600000, 0x69600000, 0x69da0000)
 tenured generation   total 158464K, used 142919K [0x6a540000, 0x74000000, 0x74000000)
   the space 158464K,  90% used [0x6a540000, 0x730d1df0, 0x730d1e00, 0x74000000)
 Metaspace       used 51853K, capacity 55623K, committed 55960K, reserved 56624K
}
Event: 60585.296 GC heap before
{Heap before GC invocations=1266 (full 15):
 def new generation   total 71296K, used 66888K [0x65800000, 0x6a540000, 0x6a540000)
  eden space 63488K,  99% used [0x65800000, 0x695ff6d0, 0x69600000)
  from space 7808K,  43% used [0x69da0000, 0x6a0f2a58, 0x6a540000)
  to   space 7808K,   0% used [0x69600000, 0x69600000, 0x69da0000)
 tenured generation   total 158464K, used 142919K [0x6a540000, 0x74000000, 0x74000000)
   the space 158464K,  90% used [0x6a540000, 0x730d1df0, 0x730d1e00, 0x74000000)
 Metaspace       used 51853K, capacity 55623K, committed 55960K, reserved 56624K
Event: 60585.337 GC heap after
Heap after GC invocations=1267 (full 15):
 def new generation   total 71296K, used 4193K [0x65800000, 0x6a540000, 0x6a540000)
  eden space 63488K,   0% used [0x65800000, 0x65800000, 0x69600000)
  from space 7808K,  53% used [0x69600000, 0x69a18470, 0x69da0000)
  to   space 7808K,   0% used [0x69da0000, 0x69da0000, 0x6a540000)
 tenured generation   total 158464K, used 142919K [0x6a540000, 0x74000000, 0x74000000)
   the space 158464K,  90% used [0x6a540000, 0x730d1df0, 0x730d1e00, 0x74000000)
 Metaspace       used 51853K, capacity 55623K, committed 55960K, reserved 56624K
}
Event: 61207.438 GC heap before
{Heap before GC invocations=1267 (full 15):
 def new generation   total 71296K, used 67681K [0x65800000, 0x6a540000, 0x6a540000)
  eden space 63488K, 100% used [0x65800000, 0x69600000, 0x69600000)
  from space 7808K,  53% used [0x69600000, 0x69a18470, 0x69da0000)
  to   space 7808K,   0% used [0x69da0000, 0x69da0000, 0x6a540000)
 tenured generation   total 158464K, used 142919K [0x6a540000, 0x74000000, 0x74000000)
   the space 158464K,  90% used [0x6a540000, 0x730d1df0, 0x730d1e00, 0x74000000)
 Metaspace       used 51872K, capacity 55663K, committed 55960K, reserved 56624K
Event: 61208.653 GC heap after
Heap after GC invocations=1268 (full 15):
 def new generation   total 71296K, used 2595K [0x65800000, 0x6a540000, 0x6a540000)
  eden space 63488K,   0% used [0x65800000, 0x65800000, 0x69600000)
  from space 7808K,  33% used [0x69da0000, 0x6a028d78, 0x6a540000)
  to   space 7808K,   0% used [0x69600000, 0x69600000, 0x69da0000)
 tenured generation   total 158464K, used 143223K [0x6a540000, 0x74000000, 0x74000000)
   the space 158464K,  90% used [0x6a540000, 0x7311ddd0, 0x7311de00, 0x74000000)
 Metaspace       used 51872K, capacity 55663K, committed 55960K, reserved 56624K
}
Event: 61212.890 GC heap before
{Heap before GC invocations=1268 (full 15):
 def new generation   total 71296K, used 66083K [0x65800000, 0x6a540000, 0x6a540000)
  eden space 63488K, 100% used [0x65800000, 0x69600000, 0x69600000)
  from space 7808K,  33% used [0x69da0000, 0x6a028d78, 0x6a540000)
  to   space 7808K,   0% used [0x69600000, 0x69600000, 0x69da0000)
 tenured generation   total 158464K, used 143223K [0x6a540000, 0x74000000, 0x74000000)
   the space 158464K,  90% used [0x6a540000, 0x7311ddd0, 0x7311de00, 0x74000000)
 Metaspace       used 51888K, capacity 55668K, committed 55960K, reserved 56624K
Event: 61212.946 GC heap after
Heap after GC invocations=1269 (full 15):
 def new generation   total 71296K, used 1985K [0x65800000, 0x6a540000, 0x6a540000)
  eden space 63488K,   0% used [0x65800000, 0x65800000, 0x69600000)
  from space 7808K,  25% used [0x69600000, 0x697f04c0, 0x69da0000)
  to   space 7808K,   0% used [0x69da0000, 0x69da0000, 0x6a540000)
 tenured generation   total 158464K, used 143223K [0x6a540000, 0x74000000, 0x74000000)
   the space 158464K,  90% used [0x6a540000, 0x7311ddd0, 0x7311de00, 0x74000000)
 Metaspace       used 51888K, capacity 55668K, committed 55960K, reserved 56624K
}

